[debug] [2018-12-03T03:38:50.152Z] ----------------------------------------------------------------------
[debug] [2018-12-03T03:38:50.154Z] Command:       /usr/bin/node /usr/bin/firebase deploy --debug
[debug] [2018-12-03T03:38:50.155Z] CLI Version:   6.1.1
[debug] [2018-12-03T03:38:50.155Z] Platform:      linux
[debug] [2018-12-03T03:38:50.155Z] Node Version:  v10.6.0
[debug] [2018-12-03T03:38:50.155Z] Time:          Mon Dec 03 2018 14:38:50 GMT+1100 (Australian Eastern Daylight Time)
[debug] [2018-12-03T03:38:50.155Z] ----------------------------------------------------------------------
[debug] 
[debug] [2018-12-03T03:38:50.161Z] > command requires scopes: ["email","openid","https://www.googleapis.com/auth/cloudplatformprojects.readonly","https://www.googleapis.com/auth/firebase","https://www.googleapis.com/auth/cloud-platform"]
[debug] [2018-12-03T03:38:50.163Z] > authorizing via signed-in user
[debug] [2018-12-03T03:38:50.164Z] [iam] checking project store-5c284 for permissions ["firebase.projects.get","firebasehosting.sites.update"]
[debug] [2018-12-03T03:38:50.165Z] >>> HTTP REQUEST POST https://cloudresourcemanager.googleapis.com/v1/projects/store-5c284:testIamPermissions  

[debug] [2018-12-03T03:38:52.152Z] <<< HTTP RESPONSE 200
[debug] [2018-12-03T03:38:52.158Z] >>> HTTP REQUEST GET https://firebase.googleapis.com/v1beta1/projects/store-5c284  
 
[debug] [2018-12-03T03:38:52.955Z] <<< HTTP RESPONSE 200
[info] 
[info] === Deploying to 'store-5c284'...
[info] 
[info] i  deploying hosting
[debug] [2018-12-03T03:38:52.960Z] >>> HTTP REQUEST POST https://firebasehosting.googleapis.com/v1beta1/sites/store-5c284/versions  

[debug] [2018-12-03T03:38:57.560Z] <<< HTTP RESPONSE 200
[info] i  hosting[store-5c284]: beginning deploy...
[info] i  hosting[store-5c284]: found 68 files in dist/store
[debug] [2018-12-03T03:38:57.633Z] [hosting] hash cache [ZGlzdC9zdG9yZQ] not populated
[debug] [2018-12-03T03:38:57.985Z] [hosting] hash cache [ZGlzdC9zdG9yZQ] stored for 68 files
[debug] [2018-12-03T03:38:57.985Z] [hosting][hash queue][FINAL]
[debug] [2018-12-03T03:38:57.985Z] >>> HTTP REQUEST POST https://firebasehosting.googleapis.com/v1beta1/sites/store-5c284/versions/d217844c29bc4126:populateFiles  
 <request body omitted>
[info] i  hosting: adding files to version [0/68] (0%)
[debug] [2018-12-03T03:39:00.637Z] <<< HTTP RESPONSE 200
[debug] [2018-12-03T03:39:00.729Z] [hosting][populate queue][FINAL]
[debug] [2018-12-03T03:39:00.729Z] [hosting] uploads queued: 67
[info] i  hosting: uploading new files [0/67] (0%)
[info] i  hosting: uploading new files [0/67] (0%)
[info] i  hosting: uploading new files [0/67] (0%)
[info] i  hosting: uploading new files [15/67] (22%)
[info] i  hosting: uploading new files [29/67] (43%)
[info] i  hosting: uploading new files [44/67] (65%)
[info] i  hosting: uploading new files [48/67] (71%)
[info] i  hosting: uploading new files [54/67] (80%)
[info] i  hosting: uploading new files [57/67] (85%)
[info] i  hosting: uploading new files [59/67] (88%)
[info] i  hosting: uploading new files [60/67] (89%)
[info] i  hosting: uploading new files [60/67] (89%)
[info] i  hosting: uploading new files [61/67] (91%)
[info] i  hosting: uploading new files [63/67] (94%)
[info] i  hosting: uploading new files [63/67] (94%)
[info] i  hosting: uploading new files [64/67] (95%)
[info] i  hosting: uploading new files [64/67] (95%)
[info] i  hosting: uploading new files [64/67] (95%)
[info] i  hosting: uploading new files [65/67] (97%)
[info] i  hosting: uploading new files [65/67] (97%)
[info] i  hosting: uploading new files [65/67] (97%)
[info] i  hosting: uploading new files [65/67] (97%)
[info] i  hosting: uploading new files [65/67] (97%)
[info] i  hosting: uploading new files [65/67] (97%)
[info] i  hosting: uploading new files [65/67] (97%)
[info] i  hosting: uploading new files [66/67] (98%)
[debug] [2018-12-03T03:39:51.835Z] [hosting][upload queue][FINAL]
[info] ✔  hosting[store-5c284]: file upload complete
[debug] [2018-12-03T03:39:51.836Z] [hosting] deploy completed after 54273ms
[debug] [2018-12-03T03:39:52.187Z] [
  {
    "config": {
      "public": "dist/store",
      "ignore": [
        "firebase.json",
        "**/.*",
        "**/node_modules/**"
      ],
      "rewrites": [
        {
          "source": "**",
          "destination": "/index.html"
        }
      ],
      "site": "store-5c284"
    },
    "site": "store-5c284",
    "version": "sites/store-5c284/versions/d217844c29bc4126"
  }
]
[info] i  hosting[store-5c284]: finalizing version...
[debug] [2018-12-03T03:39:52.190Z] >>> HTTP REQUEST PATCH https://firebasehosting.googleapis.com/v1beta1/sites/store-5c284/versions/d217844c29bc4126?updateMask=status  

[debug] [2018-12-03T03:39:53.576Z] <<< HTTP RESPONSE 200
[debug] [2018-12-03T03:39:53.576Z] [hosting] finalized version for store-5c284:
[info] ✔  hosting[store-5c284]: version finalized
[info] i  hosting[store-5c284]: releasing new version...
[debug] [2018-12-03T03:39:53.577Z] >>> HTTP REQUEST POST https://firebasehosting.googleapis.com/v1beta1/sites/store-5c284/releases?version_name=sites/store-5c284/versions/d217844c29bc4126  

[debug] [2018-12-03T03:39:54.978Z] <<< HTTP RESPONSE 200
[debug] [2018-12-03T03:39:54.980Z] [hosting] release:
[info] ✔  hosting[store-5c284]: release complete
[info] 
[info] ✔  Deploy complete!
[info] 
[info] Project Console: https://console.firebase.google.com/project/store-5c284/overview
[info] Hosting URL: https://store-5c284.firebaseapp.com
[debug] [2018-12-03T04:42:41.642Z] ----------------------------------------------------------------------
[debug] [2018-12-03T04:42:41.645Z] Command:       /usr/bin/node /usr/bin/firebase deploy --debug
[debug] [2018-12-03T04:42:41.645Z] CLI Version:   6.1.1
[debug] [2018-12-03T04:42:41.645Z] Platform:      linux
[debug] [2018-12-03T04:42:41.645Z] Node Version:  v10.6.0
[debug] [2018-12-03T04:42:41.646Z] Time:          Mon Dec 03 2018 15:42:41 GMT+1100 (Australian Eastern Daylight Time)
[debug] [2018-12-03T04:42:41.646Z] ----------------------------------------------------------------------
[debug] 
[debug] [2018-12-03T04:42:41.656Z] > command requires scopes: ["email","openid","https://www.googleapis.com/auth/cloudplatformprojects.readonly","https://www.googleapis.com/auth/firebase","https://www.googleapis.com/auth/cloud-platform"]
[debug] [2018-12-03T04:42:41.657Z] > authorizing via signed-in user
[debug] [2018-12-03T04:42:41.657Z] [iam] checking project store-5c284 for permissions ["firebase.projects.get","firebasehosting.sites.update"]
[debug] [2018-12-03T04:42:41.658Z] > refreshing access token with scopes: ["email","https://www.googleapis.com/auth/cloud-platform","https://www.googleapis.com/auth/cloudplatformprojects.readonly","https://www.googleapis.com/auth/firebase","openid"]
[debug] [2018-12-03T04:42:41.658Z] >>> HTTP REQUEST POST https://www.googleapis.com/oauth2/v3/token  
 <request body omitted>
[debug] [2018-12-03T04:42:42.099Z] <<< HTTP RESPONSE 200
[debug] [2018-12-03T04:42:42.130Z] >>> HTTP REQUEST POST https://cloudresourcemanager.googleapis.com/v1/projects/store-5c284:testIamPermissions  

[debug] [2018-12-03T04:42:44.151Z] <<< HTTP RESPONSE 200
[debug] [2018-12-03T04:42:44.172Z] >>> HTTP REQUEST GET https://firebase.googleapis.com/v1beta1/projects/store-5c284  
 
[debug] [2018-12-03T04:42:44.894Z] <<< HTTP RESPONSE 200
[info] 
[info] === Deploying to 'store-5c284'...
[info] 
[info] i  deploying hosting
[debug] [2018-12-03T04:42:44.952Z] >>> HTTP REQUEST POST https://firebasehosting.googleapis.com/v1beta1/sites/store-5c284/versions  

[debug] [2018-12-03T04:42:46.997Z] <<< HTTP RESPONSE 200
[info] i  hosting[store-5c284]: beginning deploy...
[info] i  hosting[store-5c284]: found 67 files in dist/store
[debug] [2018-12-03T04:42:47.090Z] [hosting] hash cache [ZGlzdC9zdG9yZQ] load error: lines is not defined
[debug] [2018-12-03T04:42:47.423Z] [hosting] hash cache [ZGlzdC9zdG9yZQ] stored for 67 files
[debug] [2018-12-03T04:42:47.423Z] [hosting][hash queue][FINAL]
[debug] [2018-12-03T04:42:47.423Z] >>> HTTP REQUEST POST https://firebasehosting.googleapis.com/v1beta1/sites/store-5c284/versions/a9dc4b03cfd62783:populateFiles  
 <request body omitted>
[info] i  hosting: adding files to version [0/67] (0%)
[debug] [2018-12-03T04:42:49.551Z] <<< HTTP RESPONSE 200
[debug] [2018-12-03T04:42:49.592Z] [hosting][populate queue][FINAL]
[debug] [2018-12-03T04:42:49.593Z] [hosting] uploads queued: 13
[info] i  hosting: uploading new files [0/13] (0%)
[info] i  hosting: uploading new files [8/13] (61%)
[info] i  hosting: uploading new files [12/13] (92%)
[info] i  hosting: uploading new files [12/13] (92%)
[debug] [2018-12-03T04:42:58.900Z] [hosting][upload queue][FINAL]
[info] ✔  hosting[store-5c284]: file upload complete
[debug] [2018-12-03T04:42:58.905Z] [hosting] deploy completed after 11904ms
[debug] [2018-12-03T04:42:59.275Z] [
  {
    "config": {
      "public": "dist/store",
      "ignore": [
        "firebase.json",
        "**/.*",
        "**/node_modules/**"
      ],
      "rewrites": [
        {
          "source": "**",
          "destination": "/index.html"
        }
      ],
      "site": "store-5c284"
    },
    "site": "store-5c284",
    "version": "sites/store-5c284/versions/a9dc4b03cfd62783"
  }
]
[info] i  hosting[store-5c284]: finalizing version...
[debug] [2018-12-03T04:42:59.278Z] >>> HTTP REQUEST PATCH https://firebasehosting.googleapis.com/v1beta1/sites/store-5c284/versions/a9dc4b03cfd62783?updateMask=status  

[debug] [2018-12-03T04:43:00.742Z] <<< HTTP RESPONSE 200
[debug] [2018-12-03T04:43:00.744Z] [hosting] finalized version for store-5c284:
[info] ✔  hosting[store-5c284]: version finalized
[info] i  hosting[store-5c284]: releasing new version...
[debug] [2018-12-03T04:43:00.748Z] >>> HTTP REQUEST POST https://firebasehosting.googleapis.com/v1beta1/sites/store-5c284/releases?version_name=sites/store-5c284/versions/a9dc4b03cfd62783  

[debug] [2018-12-03T04:43:02.114Z] <<< HTTP RESPONSE 200
[debug] [2018-12-03T04:43:02.116Z] [hosting] release:
[info] ✔  hosting[store-5c284]: release complete
[info] 
[info] ✔  Deploy complete!
[info] 
[info] Project Console: https://console.firebase.google.com/project/store-5c284/overview
[info] Hosting URL: https://store-5c284.firebaseapp.com
